<?xml version="1.0" encoding="UTF-8"?>
<testsuites name="OT" time="16.368" tests="2" failures="0" errors="0">
   <testsuite name="OT" tests="2" failures="0" errors="0" time="16.368" skipped="0" timestamp="2023-01-18 23:26:32" hostname="cheny39 - nci-02218333-ml.fios-router.home" id="Test Suites/OT">
      <properties>
         <property name="deviceName" value=""/>
         <property name="devicePlatform" value=""/>
         <property name="logFolder" value="/Users/cheny39/Documents/Katalon/VT_Test/Reports/20230118_232629/OT/20230118_232629"/>
         <property name="logFiles" value="/Users/cheny39/Documents/Katalon/VT_Test/Reports/20230118_232629/OT/20230118_232629/execution0.log"/>
         <property name="attachments" value="keyes/keyes-alk-target-title.png, keyes/keyes-KANSL1-target-title.png"/>
         <property name="hostName" value="cheny39 - nci-02218333-ml.fios-router.home"/>
         <property name="os" value="Mac OS X 64bit"/>
         <property name="katalonVersion" value="8.4.0.208"/>
         <property name="browser" value="Chrome 109.0.0.0"/>
         <property name="hostAddress" value="192.168.1.151"/>
         <property name="sessionId" value="d50a9ae2caccc8c199b5ee470ff51ab3"/>
         <property name="seleniumVersion" value="3.141.59"/>
         <property name="proxyInformation" value="ProxyInformation { proxyOption=NO_PROXY, proxyServerType=HTTP, username=, password=********, proxyServerAddress=, proxyServerPort=0, executionList=&quot;&quot;, isApplyToDesiredCapabilities=true }"/>
         <property name="platform" value="Mac OS X"/>
      </properties>
      <testcase name="Test Cases/OT_Visual_Test_Case" time="10.492" classname="Test Cases/OT_Visual_Test_Case" status="PASSED">
         <system-out><![CDATA[2023-01-18 23:26:33 - [TEST_CASE][PASSED] - Test Cases/OT_Visual_Test_Case: Test Cases/OT_Visual_Test_Case

2023-01-18 23:26:33 - [TEST_STEP][PASSED] - testName = $testName: null

2023-01-18 23:26:33 - [TEST_STEP][PASSED] - xpath = $xpath: null

2023-01-18 23:26:33 - [TEST_STEP][PASSED] - webURL = $host + $webURL: null

2023-01-18 23:26:33 - [TEST_STEP][PASSED] - checkPointName = testName: null

2023-01-18 23:26:33 - [TEST_STEP][PASSED] - println($testName - $xpath): null

2023-01-18 23:26:33 - [TEST_STEP][PASSED] - to = new com.kms.katalon.core.testobject.TestObject(testName): null

2023-01-18 23:26:33 - [TEST_STEP][PASSED] - to.addProperty("xpath", EQUALS, xpath): null

2023-01-18 23:26:33 - [TEST_STEP][PASSED] - openBrowser(""): Browser is opened with url: ''

2023-01-18 23:26:33 - [MESSAGE][INFO] - Starting 'Chrome' driver

2023-01-18 23:26:33 - [MESSAGE][INFO] - Action delay is set to 0 milliseconds

2023-01-18 23:26:35 - [MESSAGE][PASSED] - Browser is opened with url: ''

2023-01-18 23:26:35 - [TEST_STEP][PASSED] - navigateToUrl(webURL): Navigate to 'https://platform.opentargets.org/target/ENSG00000171094/associations' successfully

2023-01-18 23:26:40 - [MESSAGE][PASSED] - Navigate to 'https://platform.opentargets.org/target/ENSG00000171094/associations' successfully

2023-01-18 23:26:40 - [TEST_STEP][PASSED] - Thread.sleep(2000): null

2023-01-18 23:26:42 - [TEST_STEP][PASSED] - takeElementScreenshotAsCheckpoint(checkPointName, to): Taking screenshot successfully

2023-01-18 23:26:42 - [MESSAGE][WARNING] - Timeout '0' is invalid. Using default page load timeout: '30'

2023-01-18 23:26:43 - [MESSAGE][INFO] - 0 hidden object(s)

2023-01-18 23:26:43 - [MESSAGE][PASSED] - Taking screenshot successfully
[[ATTACHMENT|keyes/keyes-alk-target-title.png]]

2023-01-18 23:26:43 - [TEST_STEP][PASSED] - closeBrowser(): Browser is closed

2023-01-18 23:26:43 - [MESSAGE][PASSED] - Browser is closed]]></system-out>
         <system-err><![CDATA[]]></system-err>
      </testcase>
      <testcase name="Test Cases/OT_Visual_Test_Case" time="5.592" classname="Test Cases/OT_Visual_Test_Case" status="PASSED">
         <system-out><![CDATA[2023-01-18 23:26:43 - [TEST_CASE][PASSED] - Test Cases/OT_Visual_Test_Case: Test Cases/OT_Visual_Test_Case

2023-01-18 23:26:43 - [TEST_STEP][PASSED] - testName = $testName: null

2023-01-18 23:26:43 - [TEST_STEP][PASSED] - xpath = $xpath: null

2023-01-18 23:26:43 - [TEST_STEP][PASSED] - webURL = $host + $webURL: null

2023-01-18 23:26:43 - [TEST_STEP][PASSED] - checkPointName = testName: null

2023-01-18 23:26:43 - [TEST_STEP][PASSED] - println($testName - $xpath): null

2023-01-18 23:26:43 - [TEST_STEP][PASSED] - to = new com.kms.katalon.core.testobject.TestObject(testName): null

2023-01-18 23:26:43 - [TEST_STEP][PASSED] - to.addProperty("xpath", EQUALS, xpath): null

2023-01-18 23:26:43 - [TEST_STEP][PASSED] - openBrowser(""): Browser is opened with url: ''

2023-01-18 23:26:43 - [MESSAGE][INFO] - Starting 'Chrome' driver

2023-01-18 23:26:43 - [MESSAGE][INFO] - Action delay is set to 0 milliseconds

2023-01-18 23:26:45 - [MESSAGE][PASSED] - Browser is opened with url: ''

2023-01-18 23:26:45 - [TEST_STEP][PASSED] - navigateToUrl(webURL): Navigate to 'https://platform.opentargets.org/target/ENSG00000120071/associations' successfully

2023-01-18 23:26:46 - [MESSAGE][PASSED] - Navigate to 'https://platform.opentargets.org/target/ENSG00000120071/associations' successfully

2023-01-18 23:26:46 - [TEST_STEP][PASSED] - Thread.sleep(2000): null

2023-01-18 23:26:48 - [TEST_STEP][PASSED] - takeElementScreenshotAsCheckpoint(checkPointName, to): Taking screenshot successfully

2023-01-18 23:26:48 - [MESSAGE][WARNING] - Timeout '0' is invalid. Using default page load timeout: '30'

2023-01-18 23:26:49 - [MESSAGE][INFO] - 0 hidden object(s)

2023-01-18 23:26:49 - [MESSAGE][PASSED] - Taking screenshot successfully
[[ATTACHMENT|keyes/keyes-KANSL1-target-title.png]]

2023-01-18 23:26:49 - [TEST_STEP][PASSED] - closeBrowser(): Browser is closed

2023-01-18 23:26:49 - [MESSAGE][PASSED] - Browser is closed]]></system-out>
         <system-err><![CDATA[]]></system-err>
      </testcase>
      <system-out><![CDATA[2023-01-18 23:26:32 - [TEST_SUITE][PASSED] - OT: Test Cases/OT_Visual_Test_Case]]></system-out>
      <system-err><![CDATA[]]></system-err>
   </testsuite>
</testsuites>
