<?xml version="1.0" encoding="UTF-8"?>
<testsuites name="VT_Test_Demo" time="13.999" tests="1" failures="0" errors="0">
   <testsuite name="VT_Test_Demo" tests="1" failures="0" errors="0" time="13.999" skipped="0" timestamp="2023-01-17 13:30:02" hostname="cheny39 - 10.243.78.18" id="Test Suites/VT_Test_Demo">
      <properties>
         <property name="deviceName" value=""/>
         <property name="devicePlatform" value=""/>
         <property name="logFolder" value="/Users/cheny39/Documents/Katalon/VT_Test/Reports/20230117_132958/VT_Test_Demo/20230117_132958"/>
         <property name="logFiles" value="/Users/cheny39/Documents/Katalon/VT_Test/Reports/20230117_132958/VT_Test_Demo/20230117_132958/execution0.log"/>
         <property name="attachments" value="keyes/keyes-test_3.png"/>
         <property name="hostName" value="cheny39 - 10.243.78.18"/>
         <property name="os" value="Mac OS X 64bit"/>
         <property name="katalonVersion" value="8.4.0.208"/>
         <property name="browser" value="Chrome 109.0.0.0"/>
         <property name="hostAddress" value="10.243.78.18"/>
         <property name="sessionId" value="2ed09ae4fe32acd9541ac40677270947"/>
         <property name="seleniumVersion" value="3.141.59"/>
         <property name="proxyInformation" value="ProxyInformation { proxyOption=NO_PROXY, proxyServerType=HTTP, username=, password=********, proxyServerAddress=, proxyServerPort=0, executionList=&quot;&quot;, isApplyToDesiredCapabilities=true }"/>
         <property name="platform" value="Mac OS X"/>
      </properties>
      <testcase name="Test Cases/Test_2" time="13.814" classname="Test Cases/Test_2" status="PASSED">
         <system-out><![CDATA[2023-01-17 13:30:02 - [TEST_CASE][PASSED] - Test Cases/Test_2: Test Cases/Test_2

2023-01-17 13:30:02 - [TEST_STEP][PASSED] - openBrowser(""): Browser is opened with url: ''

2023-01-17 13:30:02 - [MESSAGE][INFO] - Starting 'Chrome' driver

2023-01-17 13:30:02 - [MESSAGE][INFO] - Action delay is set to 0 milliseconds

2023-01-17 13:30:05 - [MESSAGE][PASSED] - Browser is opened with url: ''

2023-01-17 13:30:05 - [TEST_STEP][PASSED] - navigateToUrl("https://moleculartargets-dev.ccdi.cancer.gov/target/ENSG00000171094"): Navigate to 'https://moleculartargets-dev.ccdi.cancer.gov/target/ENSG00000171094' successfully

2023-01-17 13:30:07 - [MESSAGE][PASSED] - Navigate to 'https://moleculartargets-dev.ccdi.cancer.gov/target/ENSG00000171094' successfully

2023-01-17 13:30:07 - [TEST_STEP][PASSED] - takeElementScreenshotAsCheckpoint("test_3", findTestObject("Object Repository/Target_Protile_Know_Drugs")): Taking screenshot successfully

2023-01-17 13:30:07 - [MESSAGE][WARNING] - Timeout '0' is invalid. Using default page load timeout: '30'

2023-01-17 13:30:15 - [MESSAGE][INFO] - 0 hidden object(s)

2023-01-17 13:30:16 - [MESSAGE][PASSED] - Taking screenshot successfully
[[ATTACHMENT|keyes/keyes-test_3.png]]

2023-01-17 13:30:16 - [TEST_STEP][PASSED] - closeBrowser(): Browser is closed

2023-01-17 13:30:16 - [MESSAGE][PASSED] - Browser is closed]]></system-out>
         <system-err><![CDATA[]]></system-err>
      </testcase>
      <system-out><![CDATA[2023-01-17 13:30:02 - [TEST_SUITE][PASSED] - VT_Test_Demo: Test Cases/Test_2]]></system-out>
      <system-err><![CDATA[]]></system-err>
   </testsuite>
</testsuites>
