<?xml version="1.0" encoding="UTF-8"?>
<testsuites name="MTP" time="6.074" tests="1" failures="0" errors="0">
   <testsuite name="MTP" tests="1" failures="0" errors="0" time="6.074" skipped="0" timestamp="2023-01-18 21:58:01" hostname="cheny39 - nci-02218333-ml.fios-router.home" id="Test Suites/MTP">
      <properties>
         <property name="deviceName" value=""/>
         <property name="devicePlatform" value=""/>
         <property name="logFolder" value="/Users/cheny39/Documents/Katalon/VT_Test/Reports/20230118_215756/MTP/20230118_215757"/>
         <property name="logFiles" value="/Users/cheny39/Documents/Katalon/VT_Test/Reports/20230118_215756/MTP/20230118_215757/execution0.log"/>
         <property name="attachments" value="keyes/keyes-test6.png"/>
         <property name="hostName" value="cheny39 - nci-02218333-ml.fios-router.home"/>
         <property name="os" value="Mac OS X 64bit"/>
         <property name="katalonVersion" value="8.4.0.208"/>
         <property name="browser" value="Chrome 109.0.0.0"/>
         <property name="hostAddress" value="192.168.1.151"/>
         <property name="sessionId" value="31f0c91f34c1c883aa928541f23f5f9c"/>
         <property name="seleniumVersion" value="3.141.59"/>
         <property name="proxyInformation" value="ProxyInformation { proxyOption=NO_PROXY, proxyServerType=HTTP, username=, password=********, proxyServerAddress=, proxyServerPort=0, executionList=&quot;&quot;, isApplyToDesiredCapabilities=true }"/>
         <property name="platform" value="Mac OS X"/>
      </properties>
      <testcase name="Test Cases/MTP_Visual_Test_Case" time="5.884" classname="Test Cases/MTP_Visual_Test_Case" status="PASSED">
         <system-out><![CDATA[2023-01-18 21:58:01 - [TEST_CASE][PASSED] - Test Cases/MTP_Visual_Test_Case: Test Cases/MTP_Visual_Test_Case

2023-01-18 21:58:01 - [TEST_STEP][PASSED] - testObjectName = "testObjectName": null

2023-01-18 21:58:01 - [TEST_STEP][PASSED] - xpath = "/html/body/div[1]/div/div[1]/div/div[1]/div[1]/div/div[2]/div[1]": null

2023-01-18 21:58:01 - [TEST_STEP][PASSED] - webURL = "https://platform.opentargets.org/target/ENSG00000171094/associations": null

2023-01-18 21:58:01 - [TEST_STEP][PASSED] - checkPointName = "test6": null

2023-01-18 21:58:01 - [TEST_STEP][PASSED] - to = new com.kms.katalon.core.testobject.TestObject(testObjectName): null

2023-01-18 21:58:01 - [TEST_STEP][PASSED] - to.addProperty("xpath", EQUALS, xpath): null

2023-01-18 21:58:01 - [TEST_STEP][PASSED] - openBrowser(""): Browser is opened with url: ''

2023-01-18 21:58:01 - [MESSAGE][INFO] - Starting 'Chrome' driver

2023-01-18 21:58:01 - [MESSAGE][INFO] - Action delay is set to 0 milliseconds

2023-01-18 21:58:04 - [MESSAGE][PASSED] - Browser is opened with url: ''

2023-01-18 21:58:04 - [TEST_STEP][PASSED] - navigateToUrl(webURL): Navigate to 'https://platform.opentargets.org/target/ENSG00000171094/associations' successfully

2023-01-18 21:58:05 - [MESSAGE][PASSED] - Navigate to 'https://platform.opentargets.org/target/ENSG00000171094/associations' successfully

2023-01-18 21:58:05 - [TEST_STEP][PASSED] - takeElementScreenshotAsCheckpoint(checkPointName, to): Taking screenshot successfully

2023-01-18 21:58:05 - [MESSAGE][WARNING] - Timeout '0' is invalid. Using default page load timeout: '30'

2023-01-18 21:58:07 - [MESSAGE][INFO] - 0 hidden object(s)

2023-01-18 21:58:07 - [MESSAGE][PASSED] - Taking screenshot successfully
[[ATTACHMENT|keyes/keyes-test6.png]]

2023-01-18 21:58:07 - [TEST_STEP][PASSED] - closeBrowser(): Browser is closed

2023-01-18 21:58:07 - [MESSAGE][PASSED] - Browser is closed]]></system-out>
         <system-err><![CDATA[]]></system-err>
      </testcase>
      <system-out><![CDATA[2023-01-18 21:58:01 - [TEST_SUITE][PASSED] - MTP: Test Cases/MTP_Visual_Test_Case]]></system-out>
      <system-err><![CDATA[]]></system-err>
   </testsuite>
</testsuites>
