<?xml version="1.0" encoding="UTF-8"?>
<testsuites name="VT_Test_Demo" time="25.672" tests="1" failures="0" errors="0">
   <testsuite name="VT_Test_Demo" tests="1" failures="0" errors="0" time="25.672" skipped="0" timestamp="2023-01-13 16:23:15" hostname="cheny39 - nci-02218333-ml.fios-router.home" id="Test Suites/VT_Test_Demo">
      <properties>
         <property name="deviceName" value=""/>
         <property name="devicePlatform" value=""/>
         <property name="logFolder" value="/Users/cheny39/Documents/Katalon/VT_Test/Reports/20230113_162310/VT_Test_Demo/20230113_162311"/>
         <property name="logFiles" value="/Users/cheny39/Documents/Katalon/VT_Test/Reports/20230113_162310/VT_Test_Demo/20230113_162311/execution0.log"/>
         <property name="attachments" value="keyes/keyes-Test_2.png"/>
         <property name="hostName" value="cheny39 - nci-02218333-ml.fios-router.home"/>
         <property name="os" value="Mac OS X 64bit"/>
         <property name="katalonVersion" value="8.4.0.208"/>
         <property name="browser" value="Chrome 109.0.0.0"/>
         <property name="hostAddress" value="192.168.1.151"/>
         <property name="sessionId" value="a6cbe2ff31a51cec38c4cf82c5d16a6d"/>
         <property name="seleniumVersion" value="3.141.59"/>
         <property name="proxyInformation" value="ProxyInformation { proxyOption=NO_PROXY, proxyServerType=HTTP, username=, password=********, proxyServerAddress=, proxyServerPort=0, executionList=&quot;&quot;, isApplyToDesiredCapabilities=true }"/>
         <property name="platform" value="Mac OS X"/>
      </properties>
      <testcase name="Test Cases/Test_2" time="25.396" classname="Test Cases/Test_2" status="PASSED">
         <system-out><![CDATA[2023-01-13 16:23:16 - [TEST_CASE][PASSED] - Test Cases/Test_2: Test Cases/Test_2

2023-01-13 16:23:16 - [TEST_STEP][PASSED] - openBrowser(""): Browser is opened with url: ''

2023-01-13 16:23:16 - [MESSAGE][INFO] - Starting 'Chrome' driver

2023-01-13 16:23:16 - [MESSAGE][INFO] - Action delay is set to 0 milliseconds

2023-01-13 16:23:20 - [MESSAGE][PASSED] - Browser is opened with url: ''

2023-01-13 16:23:20 - [TEST_STEP][PASSED] - navigateToUrl("https://moleculartargets.ccdi.cancer.gov/target/ENSG00000145335/associations"): Navigate to 'https://moleculartargets.ccdi.cancer.gov/target/ENSG00000145335/associations' successfully

2023-01-13 16:23:21 - [MESSAGE][PASSED] - Navigate to 'https://moleculartargets.ccdi.cancer.gov/target/ENSG00000145335/associations' successfully

2023-01-13 16:23:21 - [TEST_STEP][PASSED] - takeFullPageScreenshotAsCheckpoint("Test_2"): Taking screenshot successfully

2023-01-13 16:23:39 - [MESSAGE][INFO] - 0 hidden object(s)

2023-01-13 16:23:41 - [MESSAGE][PASSED] - Taking screenshot successfully
[[ATTACHMENT|keyes/keyes-Test_2.png]]

2023-01-13 16:23:41 - [TEST_STEP][PASSED] - closeBrowser(): Browser is closed

2023-01-13 16:23:41 - [MESSAGE][PASSED] - Browser is closed]]></system-out>
         <system-err><![CDATA[]]></system-err>
      </testcase>
      <system-out><![CDATA[2023-01-13 16:23:15 - [TEST_SUITE][PASSED] - VT_Test_Demo: Test Cases/Test_2]]></system-out>
      <system-err><![CDATA[]]></system-err>
   </testsuite>
</testsuites>
