<?xml version="1.0" encoding="UTF-8"?>
<testsuites name="VT_MTP_Target_Association" time="8.268" tests="1" failures="0" errors="0">
   <testsuite name="VT_MTP_Target_Association" tests="1" failures="0" errors="0" time="8.268" skipped="0" timestamp="2023-01-18 09:40:55" hostname="cheny39 - 10.242.81.34" id="Test Suites/VT_MTP_Target_Association">
      <properties>
         <property name="deviceName" value=""/>
         <property name="devicePlatform" value=""/>
         <property name="logFolder" value="/Users/cheny39/Documents/Katalon/VT_Test/Reports/20230118_094050/VT_MTP_Target_Association/20230118_094050"/>
         <property name="logFiles" value="/Users/cheny39/Documents/Katalon/VT_Test/Reports/20230118_094050/VT_MTP_Target_Association/20230118_094050/execution0.log"/>
         <property name="attachments" value="keyes/keyes-target_association_header.png"/>
         <property name="hostName" value="cheny39 - 10.242.81.34"/>
         <property name="os" value="Mac OS X 64bit"/>
         <property name="katalonVersion" value="8.4.0.208"/>
         <property name="browser" value="Chrome 109.0.0.0"/>
         <property name="hostAddress" value="10.242.81.34"/>
         <property name="sessionId" value="d77ed82ce044cdb5cfe7ce43ff3e39e6"/>
         <property name="seleniumVersion" value="3.141.59"/>
         <property name="proxyInformation" value="ProxyInformation { proxyOption=NO_PROXY, proxyServerType=HTTP, username=, password=********, proxyServerAddress=, proxyServerPort=0, executionList=&quot;&quot;, isApplyToDesiredCapabilities=true }"/>
         <property name="platform" value="Mac OS X"/>
      </properties>
      <testcase name="Test Cases/MTP_Target_Association_Header" time="7.955" classname="Test Cases/MTP_Target_Association_Header" status="PASSED">
         <system-out><![CDATA[2023-01-18 09:40:55 - [TEST_CASE][PASSED] - Test Cases/MTP_Target_Association_Header: Test Cases/MTP_Target_Association_Header

2023-01-18 09:40:55 - [TEST_STEP][PASSED] - openBrowser(""): Browser is opened with url: ''

2023-01-18 09:40:55 - [MESSAGE][INFO] - Starting 'Chrome' driver

2023-01-18 09:40:56 - [MESSAGE][INFO] - Action delay is set to 0 milliseconds

2023-01-18 09:40:59 - [MESSAGE][PASSED] - Browser is opened with url: ''

2023-01-18 09:40:59 - [TEST_STEP][PASSED] - navigateToUrl("http://localhost:3001/target/ENSG00000171094/associations"): Navigate to 'http://localhost:3001/target/ENSG00000171094/associations' successfully

2023-01-18 09:41:00 - [MESSAGE][PASSED] - Navigate to 'http://localhost:3001/target/ENSG00000171094/associations' successfully

2023-01-18 09:41:00 - [TEST_STEP][PASSED] - takeElementScreenshotAsCheckpoint("target_association_header", findTestObject("Object Repository/mpt_target_association_header")): Taking screenshot successfully

2023-01-18 09:41:00 - [MESSAGE][WARNING] - Timeout '0' is invalid. Using default page load timeout: '30'

2023-01-18 09:41:03 - [MESSAGE][INFO] - 0 hidden object(s)

2023-01-18 09:41:03 - [MESSAGE][PASSED] - Taking screenshot successfully
[[ATTACHMENT|keyes/keyes-target_association_header.png]]

2023-01-18 09:41:03 - [TEST_STEP][PASSED] - closeBrowser(): Browser is closed

2023-01-18 09:41:03 - [MESSAGE][PASSED] - Browser is closed]]></system-out>
         <system-err><![CDATA[]]></system-err>
      </testcase>
      <system-out><![CDATA[2023-01-18 09:40:55 - [TEST_SUITE][PASSED] - VT_MTP_Target_Association: Test Cases/MTP_Target_Association_Header]]></system-out>
      <system-err><![CDATA[]]></system-err>
   </testsuite>
</testsuites>
